\BOOKMARK [1][-]{section.0.1}{abstract}{}% 1
\BOOKMARK [0][-]{chapter.1}{Marco teorico}{}% 2
\BOOKMARK [1][-]{section.1.1}{Sobre inteligencia artificial}{chapter.1}% 3
\BOOKMARK [2][-]{subsection.1.1.1}{La prueba de Turing}{section.1.1}% 4
\BOOKMARK [2][-]{subsection.1.1.2}{Agentes}{section.1.1}% 5
\BOOKMARK [2][-]{subsection.1.1.3}{Tipos de aprendizaje}{section.1.1}% 6
\BOOKMARK [1][-]{section.1.2}{Sobre compuertas y neuronas}{chapter.1}% 7
\BOOKMARK [2][-]{subsection.1.2.1}{Inspiracion en la biolog\355a}{section.1.2}% 8
\BOOKMARK [2][-]{subsection.1.2.2}{El perceptr\363n}{section.1.2}% 9
\BOOKMARK [2][-]{subsection.1.2.3}{Neuronas adaptativas lineales}{section.1.2}% 10
\BOOKMARK [2][-]{subsection.1.2.4}{\311l perceptr\363n multicapa}{section.1.2}% 11
\BOOKMARK [1][-]{section.1.3}{Cap\355tulo sin nombre}{chapter.1}% 12
\BOOKMARK [2][-]{subsection.1.3.1}{Descenso por el gradiente}{section.1.3}% 13
\BOOKMARK [2][-]{subsection.1.3.2}{Propagaci\363n hacia atr\341s}{section.1.3}% 14
\BOOKMARK [2][-]{subsection.1.3.3}{Convoluci\363n}{section.1.3}% 15
\BOOKMARK [1][-]{section.1.4}{Proteinas}{chapter.1}% 16
\BOOKMARK [2][-]{subsection.1.4.1}{Acoplamiento molecular}{section.1.4}% 17
\BOOKMARK [2][-]{subsection.1.4.2}{Funci\363n evaluadora}{section.1.4}% 18
\BOOKMARK [0][-]{chapter.2}{Metaan\341lisis del acoplamiento}{}% 19
\BOOKMARK [1][-]{section.2.1}{Workflow}{chapter.2}% 20
\BOOKMARK [2][-]{subsection.2.1.1}{\277Qu\351 se hizo?}{section.2.1}% 21
